Flow report for CoCo_HDMI
Thu Sep 23 13:47:13 2021
Quartus Prime Version 18.1.0 Build 625 09/12/2018 SJ Lite Edition


---------------------
; Table of Contents ;
---------------------
  1. Legal Notice
  2. Flow Summary
  3. Flow Settings
  4. Flow Non-Default Global Settings
  5. Flow Elapsed Time
  6. Flow OS Summary
  7. Flow Log
  8. Flow Messages
  9. Flow Suppressed Messages



----------------
; Legal Notice ;
----------------
Copyright (C) 2018  Intel Corporation. All rights reserved.
Your use of Intel Corporation's design tools, logic functions 
and other software and tools, and its AMPP partner logic 
functions, and any output files from any of the foregoing 
(including device programming or simulation files), and any 
associated documentation or information are expressly subject 
to the terms and conditions of the Intel Program License 
Subscription Agreement, the Intel Quartus Prime License Agreement,
the Intel FPGA IP License Agreement, or other applicable license
agreement, including, without limitation, that your use is for
the sole purpose of programming logic devices manufactured by
Intel and sold by Intel or its authorized distributors.  Please
refer to the applicable agreement for further details.



+----------------------------------------------------------------------------------+
; Flow Summary                                                                     ;
+------------------------------------+---------------------------------------------+
; Flow Status                        ; Successful - Thu Sep 23 13:47:13 2021       ;
; Quartus Prime Version              ; 18.1.0 Build 625 09/12/2018 SJ Lite Edition ;
; Revision Name                      ; CoCo_HDMI                                   ;
; Top-level Entity Name              ; CoCo_HDMI                                   ;
; Family                             ; Cyclone 10 LP                               ;
; Device                             ; 10CL016YU484C8G                             ;
; Timing Models                      ; Final                                       ;
; Total logic elements               ; 2,512 / 15,408 ( 16 % )                     ;
;     Total combinational functions  ; 2,451 / 15,408 ( 16 % )                     ;
;     Dedicated logic registers      ; 774 / 15,408 ( 5 % )                        ;
; Total registers                    ; 774                                         ;
; Total pins                         ; 54 / 341 ( 16 % )                           ;
; Total virtual pins                 ; 0                                           ;
; Total memory bits                  ; 139,264 / 516,096 ( 27 % )                  ;
; Embedded Multiplier 9-bit elements ; 0 / 112 ( 0 % )                             ;
; Total PLLs                         ; 2 / 4 ( 50 % )                              ;
+------------------------------------+---------------------------------------------+


+-----------------------------------------+
; Flow Settings                           ;
+-------------------+---------------------+
; Option            ; Setting             ;
+-------------------+---------------------+
; Start date & time ; 09/23/2021 13:44:21 ;
; Main task         ; Compilation         ;
; Revision Name     ; CoCo_HDMI           ;
+-------------------+---------------------+


+------------------------------------------------------------------------------------------------------------------------------+
; Flow Non-Default Global Settings                                                                                             ;
+--------------------------------------+----------------------------------------+---------------+-------------+----------------+
; Assignment Name                      ; Value                                  ; Default Value ; Entity Name ; Section Id     ;
+--------------------------------------+----------------------------------------+---------------+-------------+----------------+
; COMPILER_SIGNATURE_ID                ; 113780617491.163242626005168           ; --            ; --          ; --             ;
; EDA_GENERATE_FUNCTIONAL_NETLIST      ; On                                     ; --            ; --          ; eda_simulation ;
; EDA_OUTPUT_DATA_FORMAT               ; Systemverilog Hdl                      ; --            ; --          ; eda_simulation ;
; EDA_SIMULATION_TOOL                  ; ModelSim-Altera (SystemVerilog)        ; <None>        ; --          ; --             ;
; EDA_TIME_SCALE                       ; 1 ps                                   ; --            ; --          ; eda_simulation ;
; FITTER_EFFORT                        ; Standard Fit                           ; Auto Fit      ; --          ; --             ;
; MAX_CORE_JUNCTION_TEMP               ; 85                                     ; --            ; --          ; --             ;
; MIN_CORE_JUNCTION_TEMP               ; 0                                      ; --            ; --          ; --             ;
; MISC_FILE                            ; ext_ROM_bb.v                           ; --            ; --          ; --             ;
; MISC_FILE                            ; base_ROM_bb.v                          ; --            ; --          ; --             ;
; MISC_FILE                            ; PLL_CPU_bb.v                           ; --            ; --          ; --             ;
; MISC_FILE                            ; PLL_CPU.ppf                            ; --            ; --          ; --             ;
; MISC_FILE                            ; CHR_ROM_bb.v                           ; --            ; --          ; --             ;
; MISC_FILE                            ; PLL_GFX_bb.v                           ; --            ; --          ; --             ;
; MISC_FILE                            ; PLL_GFX.ppf                            ; --            ; --          ; --             ;
; NOMINAL_CORE_SUPPLY_VOLTAGE          ; 1.2V                                   ; --            ; --          ; --             ;
; NUM_PARALLEL_PROCESSORS              ; 16                                     ; --            ; --          ; --             ;
; OPTIMIZATION_MODE                    ; High Performance Effort                ; Balanced      ; --          ; --             ;
; OUTPUT_IO_TIMING_FAR_END_VMEAS       ; Half Signal Swing                      ; --            ; --          ; --             ;
; OUTPUT_IO_TIMING_FAR_END_VMEAS       ; Half Signal Swing                      ; --            ; --          ; --             ;
; OUTPUT_IO_TIMING_NEAR_END_VMEAS      ; Half Vccio                             ; --            ; --          ; --             ;
; OUTPUT_IO_TIMING_NEAR_END_VMEAS      ; Half Vccio                             ; --            ; --          ; --             ;
; PARTITION_COLOR                      ; -- (Not supported for targeted family) ; --            ; --          ; Top            ;
; PARTITION_FITTER_PRESERVATION_LEVEL  ; -- (Not supported for targeted family) ; --            ; --          ; Top            ;
; PARTITION_NETLIST_TYPE               ; -- (Not supported for targeted family) ; --            ; --          ; Top            ;
; PHYSICAL_SYNTHESIS_COMBO_LOGIC       ; On                                     ; Off           ; --          ; --             ;
; PHYSICAL_SYNTHESIS_REGISTER_RETIMING ; On                                     ; Off           ; --          ; --             ;
; PLACEMENT_EFFORT_MULTIPLIER          ; 4.0                                    ; 1.0           ; --          ; --             ;
; POWER_BOARD_THERMAL_MODEL            ; None (CONSERVATIVE)                    ; --            ; --          ; --             ;
; POWER_PRESET_COOLING_SOLUTION        ; 23 MM HEAT SINK WITH 200 LFPM AIRFLOW  ; --            ; --          ; --             ;
; PROJECT_OUTPUT_DIRECTORY             ; output_files                           ; --            ; --          ; --             ;
; ROUTER_TIMING_OPTIMIZATION_LEVEL     ; MAXIMUM                                ; Normal        ; --          ; --             ;
+--------------------------------------+----------------------------------------+---------------+-------------+----------------+


+--------------------------------------------------------------------------------------------------------------------------+
; Flow Elapsed Time                                                                                                        ;
+----------------------+--------------+-------------------------+---------------------+------------------------------------+
; Module Name          ; Elapsed Time ; Average Processors Used ; Peak Virtual Memory ; Total CPU Time (on all processors) ;
+----------------------+--------------+-------------------------+---------------------+------------------------------------+
; Analysis & Synthesis ; 00:01:15     ; 1.0                     ; 786 MB              ; 00:01:47                           ;
; Fitter               ; 00:01:10     ; 1.6                     ; 2336 MB             ; 00:03:07                           ;
; Assembler            ; 00:00:04     ; 1.0                     ; 548 MB              ; 00:00:03                           ;
; Timing Analyzer      ; 00:00:09     ; 2.3                     ; 802 MB              ; 00:00:11                           ;
; EDA Netlist Writer   ; 00:00:03     ; 1.0                     ; 512 MB              ; 00:00:03                           ;
; Total                ; 00:02:41     ; --                      ; --                  ; 00:05:11                           ;
+----------------------+--------------+-------------------------+---------------------+------------------------------------+


+-------------------------------------------------------------------------------------+
; Flow OS Summary                                                                     ;
+----------------------+------------------+-------------+------------+----------------+
; Module Name          ; Machine Hostname ; OS Name     ; OS Version ; Processor type ;
+----------------------+------------------+-------------+------------+----------------+
; Analysis & Synthesis ; WIN-H8JH7HJFPGD  ; Windows 8.1 ; 6.3        ; x86_64         ;
; Fitter               ; WIN-H8JH7HJFPGD  ; Windows 8.1 ; 6.3        ; x86_64         ;
; Assembler            ; WIN-H8JH7HJFPGD  ; Windows 8.1 ; 6.3        ; x86_64         ;
; Timing Analyzer      ; WIN-H8JH7HJFPGD  ; Windows 8.1 ; 6.3        ; x86_64         ;
; EDA Netlist Writer   ; WIN-H8JH7HJFPGD  ; Windows 8.1 ; 6.3        ; x86_64         ;
+----------------------+------------------+-------------+------------+----------------+


------------
; Flow Log ;
------------
quartus_map --read_settings_files=on --write_settings_files=off CoCo_HDMI -c CoCo_HDMI
quartus_fit --read_settings_files=off --write_settings_files=off CoCo_HDMI -c CoCo_HDMI
quartus_asm --read_settings_files=off --write_settings_files=off CoCo_HDMI -c CoCo_HDMI
quartus_sta CoCo_HDMI -c CoCo_HDMI
quartus_eda --read_settings_files=off --write_settings_files=off CoCo_HDMI -c CoCo_HDMI



